d:\구민영\nyangachi\nyangachi_project\nyangachi_project\debug\nyangachi_project.pch
d:\구민영\nyangachi\nyangachi_project\nyangachi_project\debug\vc141.pdb
d:\구민영\nyangachi\nyangachi_project\nyangachi_project\debug\vc141.idb
d:\구민영\nyangachi\nyangachi_project\nyangachi_project\debug\stdafx.obj
d:\구민영\nyangachi\nyangachi_project\nyangachi_project\debug\camera.obj
d:\구민영\nyangachi\nyangachi_project\nyangachi_project\debug\mesh.obj
d:\구민영\nyangachi\nyangachi_project\nyangachi_project\debug\player.obj
d:\구민영\nyangachi\nyangachi_project\nyangachi_project\debug\scene.obj
d:\구민영\nyangachi\nyangachi_project\nyangachi_project\debug\shader.obj
d:\구민영\nyangachi\nyangachi_project\nyangachi_project\debug\timer.obj
d:\구민영\nyangachi\nyangachi_project\nyangachi_project\debug\gameframework.obj
d:\구민영\nyangachi\nyangachi_project\nyangachi_project\debug\nyangachiproject.obj
d:\구민영\nyangachi\nyangachi_project\nyangachi_project\debug\fbxcontext.obj
d:\구민영\nyangachi\nyangachi_project\nyangachi_project\debug\object.obj
d:\구민영\nyangachi\nyangachi_project\nyangachi_project\debug\common.obj
d:\구민영\nyangachi\nyangachi_project\nyangachi_project\debug\networkmanager.obj
d:\구민영\nyangachi\nyangachi_project\debug\nyangachi_project.ilk
d:\구민영\nyangachi\nyangachi_project\debug\nyangachi_project.exe
d:\구민영\nyangachi\nyangachi_project\debug\nyangachi_project.pdb
d:\구민영\nyangachi\nyangachi_project\debug\shaders.cso
d:\구민영\nyangachi\nyangachi_project\nyangachi_project\debug\nyangachiproject.res
d:\구민영\nyangachi\nyangachi_project\nyangachi_project\debug\nyangach.13ea9b83.tlog\cl.command.1.tlog
d:\구민영\nyangachi\nyangachi_project\nyangachi_project\debug\nyangach.13ea9b83.tlog\cl.read.1.tlog
d:\구민영\nyangachi\nyangachi_project\nyangachi_project\debug\nyangach.13ea9b83.tlog\cl.write.1.tlog
d:\구민영\nyangachi\nyangachi_project\nyangachi_project\debug\nyangach.13ea9b83.tlog\link.command.1.tlog
d:\구민영\nyangachi\nyangachi_project\nyangachi_project\debug\nyangach.13ea9b83.tlog\link.read.1.tlog
d:\구민영\nyangachi\nyangachi_project\nyangachi_project\debug\nyangach.13ea9b83.tlog\link.write.1.tlog
d:\구민영\nyangachi\nyangachi_project\nyangachi_project\debug\nyangach.13ea9b83.tlog\nyangachi_project.write.1u.tlog
d:\구민영\nyangachi\nyangachi_project\nyangachi_project\debug\nyangach.13ea9b83.tlog\rc.command.1.tlog
d:\구민영\nyangachi\nyangachi_project\nyangachi_project\debug\nyangach.13ea9b83.tlog\rc.read.1.tlog
d:\구민영\nyangachi\nyangachi_project\nyangachi_project\debug\nyangach.13ea9b83.tlog\rc.write.1.tlog
