  stdafx.cpp
d:\구민영\nyangachi\nyangachi_project\nyangachi_project\stdafx.cpp : warning C4819: 현재 코드 페이지(949)에서 표시할 수 없는 문자가 파일에 들어 있습니다. 데이터가 손실되지 않게 하려면 해당 파일을 유니코드 형식으로 저장하십시오.
d:\구민영\nyangachi\nyangachi_project\nyangachi_project\targetver.h : warning C4819: 현재 코드 페이지(949)에서 표시할 수 없는 문자가 파일에 들어 있습니다. 데이터가 손실되지 않게 하려면 해당 파일을 유니코드 형식으로 저장하십시오.
  NyangachiProject.cpp
d:\구민영\nyangachi\nyangachi_project\nyangachi_project\nyangachiproject.cpp : warning C4819: 현재 코드 페이지(949)에서 표시할 수 없는 문자가 파일에 들어 있습니다. 데이터가 손실되지 않게 하려면 해당 파일을 유니코드 형식으로 저장하십시오.
d:\구민영\nyangachi\nyangachi_project\nyangachi_project\resource.h : warning C4819: 현재 코드 페이지(949)에서 표시할 수 없는 문자가 파일에 들어 있습니다. 데이터가 손실되지 않게 하려면 해당 파일을 유니코드 형식으로 저장하십시오.
d:\구민영\nyangachi\nyangachi_project\nyangachi_project\nyangachiproject.cpp(150): warning C4101: 'ps' :참조되지 않은 지역 변수입니다.
  GameFramework.cpp
  Timer.cpp
  Shader.cpp
  Scene.cpp
  Player.cpp
  Object.cpp
  NetworkManager.cpp
d:\구민영\nyangachi\nyangachi_project\nyangachi_project\networkmanager.cpp(92): error C4996: 'inet_addr': Use inet_pton() or InetPton() instead or define _WINSOCK_DEPRECATED_NO_WARNINGS to disable deprecated API warnings
  c:\program files (x86)\windows kits\10\include\10.0.16299.0\um\winsock2.h(1830): note: 'inet_addr' 선언을 참조하십시오.
d:\구민영\nyangachi\nyangachi_project\nyangachi_project\networkmanager.cpp(98): error C4996: 'WSAAsyncSelect': Use WSAEventSelect() instead or define _WINSOCK_DEPRECATED_NO_WARNINGS to disable deprecated API warnings
  c:\program files (x86)\windows kits\10\include\10.0.16299.0\um\winsock2.h(2679): note: 'WSAAsyncSelect' 선언을 참조하십시오.
  Mesh.cpp
  FBXContext.cpp
  Camera.cpp
  코드를 생성하고 있습니다...
